<?xml version="1.0" encoding="UTF-8"?>
<testng-results skipped="0" failed="0" ignored="0" total="1" passed="1">
  <reporter-output>
  </reporter-output>
  <suite name="Default suite" duration-ms="58558" started-at="2020-12-28T17:28:30 IST" finished-at="2020-12-28T17:29:28 IST">
    <groups>
    </groups>
    <test name="Default test" duration-ms="58558" started-at="2020-12-28T17:28:30 IST" finished-at="2020-12-28T17:29:28 IST">
      <class name="testscripts.TC001">
        <test-method status="PASS" signature="openApp(java.lang.String, java.lang.String, java.lang.String, java.lang.String)[pri:0, instance:testscripts.TC001@7d0587f1]" name="openApp" is-config="true" duration-ms="23134" started-at="2020-12-28T17:28:30 IST" finished-at="2020-12-28T17:28:53 IST">
          <params>
            <param index="0">
              <value>
                <![CDATA[chrome]]>
              </value>
            </param>
            <param index="1">
              <value>
                <![CDATA[http://automationpractice.com/]]>
              </value>
            </param>
            <param index="2">
              <value>
                <![CDATA[20]]>
              </value>
            </param>
            <param index="3">
              <value>
                <![CDATA[20]]>
              </value>
            </param>
          </params>
          <reporter-output>
          </reporter-output>
        </test-method> <!-- openApp -->
        <test-method status="PASS" signature="loginToApp(java.lang.String, java.lang.String)[pri:0, instance:testscripts.TC001@7d0587f1]" name="loginToApp" is-config="true" duration-ms="10461" started-at="2020-12-28T17:28:53 IST" finished-at="2020-12-28T17:29:04 IST">
          <params>
            <param index="0">
              <value>
                <![CDATA[nameishemanth@gmail.com]]>
              </value>
            </param>
            <param index="1">
              <value>
                <![CDATA[Testing@123]]>
              </value>
            </param>
          </params>
          <reporter-output>
          </reporter-output>
        </test-method> <!-- loginToApp -->
        <test-method status="PASS" signature="testAddingProductToKart()[pri:0, instance:testscripts.TC001@7d0587f1]" name="testAddingProductToKart" duration-ms="21664" started-at="2020-12-28T17:29:04 IST" description="Test case to verify if the added product is displayed in ODP page" finished-at="2020-12-28T17:29:25 IST">
          <reporter-output>
          </reporter-output>
        </test-method> <!-- testAddingProductToKart -->
        <test-method status="PASS" signature="logoutFromApp(org.testng.ITestResult)[pri:0, instance:testscripts.TC001@7d0587f1]" name="logoutFromApp" is-config="true" duration-ms="3193" started-at="2020-12-28T17:29:25 IST" finished-at="2020-12-28T17:29:28 IST">
          <params>
            <param index="0">
              <value>
                <![CDATA[[TestResult name=testAddingProductToKart status=SUCCESS method=TC001.testAddingProductToKart()[pri:0, instance:testscripts.TC001@7d0587f1] output={null}]]]>
              </value>
            </param>
          </params>
          <reporter-output>
          </reporter-output>
        </test-method> <!-- logoutFromApp -->
      </class> <!-- testscripts.TC001 -->
    </test> <!-- Default test -->
  </suite> <!-- Default suite -->
</testng-results>
