<?xml version="1.0" encoding="UTF-8"?>
<testng-results skipped="0" failed="0" ignored="4" total="5" passed="1">
  <reporter-output>
  </reporter-output>
  <suite name="Suite" duration-ms="145200" started-at="2021-02-05T08:01:50 IST" finished-at="2021-02-05T08:04:15 IST">
    <groups>
      <group name="smoke">
        <method signature="ProductTest.createProductTest()[pri:0, instance:com.vtiger.productsModule.ProductTest@528931cf]" name="createProductTest" class="com.vtiger.productsModule.ProductTest"/>
      </group> <!-- smoke -->
    </groups>
    <test name="Test" duration-ms="145200" started-at="2021-02-05T08:01:50 IST" finished-at="2021-02-05T08:04:15 IST">
      <class name="com.vtiger.productsModule.ProductTest">
        <test-method status="PASS" signature="configBS()[pri:0, instance:com.vtiger.productsModule.ProductTest@528931cf]" name="configBS" is-config="true" duration-ms="23" started-at="2021-02-05T08:01:50 IST" finished-at="2021-02-05T08:01:50 IST">
          <reporter-output>
          </reporter-output>
        </test-method> <!-- configBS -->
        <test-method status="PASS" signature="configBT()[pri:0, instance:com.vtiger.productsModule.ProductTest@528931cf]" name="configBT" is-config="true" duration-ms="0" started-at="2021-02-05T08:01:50 IST" finished-at="2021-02-05T08:01:50 IST">
          <reporter-output>
          </reporter-output>
        </test-method> <!-- configBT -->
        <test-method status="PASS" signature="configBC()[pri:0, instance:com.vtiger.productsModule.ProductTest@528931cf]" name="configBC" is-config="true" duration-ms="40220" started-at="2021-02-05T08:01:50 IST" finished-at="2021-02-05T08:02:30 IST">
          <reporter-output>
          </reporter-output>
        </test-method> <!-- configBC -->
        <test-method status="PASS" signature="configBM()[pri:0, instance:com.vtiger.productsModule.ProductTest@528931cf]" name="configBM" is-config="true" duration-ms="21312" started-at="2021-02-05T08:02:30 IST" finished-at="2021-02-05T08:02:52 IST">
          <reporter-output>
          </reporter-output>
        </test-method> <!-- configBM -->
        <test-method status="PASS" signature="createProductTest()[pri:0, instance:com.vtiger.productsModule.ProductTest@528931cf]" name="createProductTest" duration-ms="78881" started-at="2021-02-05T08:02:52 IST" finished-at="2021-02-05T08:04:10 IST">
          <reporter-output>
          </reporter-output>
        </test-method> <!-- createProductTest -->
        <test-method status="PASS" signature="configAM()[pri:0, instance:com.vtiger.productsModule.ProductTest@528931cf]" name="configAM" is-config="true" duration-ms="3700" started-at="2021-02-05T08:04:10 IST" finished-at="2021-02-05T08:04:14 IST">
          <reporter-output>
          </reporter-output>
        </test-method> <!-- configAM -->
        <test-method status="PASS" signature="configAC()[pri:0, instance:com.vtiger.productsModule.ProductTest@528931cf]" name="configAC" is-config="true" duration-ms="674" started-at="2021-02-05T08:04:14 IST" finished-at="2021-02-05T08:04:15 IST">
          <reporter-output>
          </reporter-output>
        </test-method> <!-- configAC -->
        <test-method status="PASS" signature="configAT()[pri:0, instance:com.vtiger.productsModule.ProductTest@528931cf]" name="configAT" is-config="true" duration-ms="1" started-at="2021-02-05T08:04:15 IST" finished-at="2021-02-05T08:04:15 IST">
          <reporter-output>
          </reporter-output>
        </test-method> <!-- configAT -->
        <test-method status="PASS" signature="configAS()[pri:0, instance:com.vtiger.productsModule.ProductTest@528931cf]" name="configAS" is-config="true" duration-ms="0" started-at="2021-02-05T08:04:15 IST" finished-at="2021-02-05T08:04:15 IST">
          <reporter-output>
          </reporter-output>
        </test-method> <!-- configAS -->
      </class> <!-- com.vtiger.productsModule.ProductTest -->
    </test> <!-- Test -->
  </suite> <!-- Suite -->
</testng-results>
