<?xml version="1.0" encoding="UTF-8"?>
<!-- Generated by org.testng.reporters.JUnitXMLReporter -->
<testsuite hostname="LAPTOP-59L689B8" ignored="0" name="Default test" tests="5" failures="0" timestamp="2021-02-02T19:08:41 IST" time="115.684" errors="0">
  <testcase name="createProductTest" time="12.385" classname="com.vtiger.productsModule.ProductTest"/>
  <testcase name="toEditDesc" time="19.436" classname="com.vtiger.productsModule.ProductTest"/>
  <testcase name="toEditPrice" time="15.816" classname="com.vtiger.productsModule.ProductTest"/>
  <testcase name="toEditStock" time="14.584" classname="com.vtiger.productsModule.ProductTest"/>
  <testcase name="toUploadImg" time="12.873" classname="com.vtiger.productsModule.ProductTest"/>
</testsuite> <!-- Default test -->
