<?xml version="1.0" encoding="UTF-8"?>
<!-- Generated by org.testng.reporters.JUnitXMLReporter -->
<testsuite hostname="LAPTOP-59L689B8" ignored="0" name="Default test" tests="3" failures="0" timestamp="2021-02-03T21:14:08 IST" time="20.845" errors="0">
  <testcase name="browserRun" time="10.242" classname="aws.practise.ParallelExecution"/>
  <testcase name="browserRun" time="11.735" classname="aws.practise.ParallelExecution"/>
  <testcase name="browserRun" time="20.805" classname="aws.practise.ParallelExecution"/>
</testsuite> <!-- Default test -->
