<?xml version="1.0" encoding="UTF-8"?>
<!-- Generated by org.testng.reporters.JUnitXMLReporter -->
<testsuite hostname="LAPTOP-59L689B8" ignored="4" name="Test" tests="1" failures="0" timestamp="2021-02-02T20:41:39 IST" time="28.086" errors="0">
  <testcase name="createProductTest" time="12.846" classname="com.vtiger.productsModule.ProductTest"/>
  <testcase name="toEditDesc" time="0.0" classname="com.vtiger.productsModule.ProductTest">
    <ignored/>
  </testcase> <!-- toEditDesc -->
  <testcase name="toEditPrice" time="0.0" classname="com.vtiger.productsModule.ProductTest">
    <ignored/>
  </testcase> <!-- toEditPrice -->
  <testcase name="toUploadImg" time="0.0" classname="com.vtiger.productsModule.ProductTest">
    <ignored/>
  </testcase> <!-- toUploadImg -->
  <testcase name="toEditStock" time="0.0" classname="com.vtiger.productsModule.ProductTest">
    <ignored/>
  </testcase> <!-- toEditStock -->
</testsuite> <!-- Test -->
